Build started 09/04/2015 05:46:52.
     1>Project "C:\Users\MD\Google Drive\SiS\SiSclient\SiSclient\SiSclient.vcxproj" on node 2 (build target(s)).
     1>InitializeBuildStatus:
         Creating "Release\SiSclient.unsuccessfulbuild" because "AlwaysCreate" was specified.
       ClCompile:
         c:\Program Files (x86)\Microsoft Visual Studio 10.0\VC\bin\CL.exe /c /IC:\Users\MD\Downloads\boost_1_55_0\boost_1_55_0 /I"TGUI-0.6\include\\" /Zi /nologo /W3 /WX- /O2 /Oi /Oy- /GL /D WIN32 /D NDEBUG /D _CONSOLE /D _UNICODE /D UNICODE /Gm- /EHsc /MD /GS /Gy /fp:precise /Zc:wchar_t /Zc:forScope /Fo"Release\\" /Fd"Release\vc100.pdb" /Gd /TP /analyze- /errorReport:prompt Scenario.cpp
         Scenario.cpp
     1>c:\users\md\google drive\sis\sisclient\sisclient\Config.hpp(72): warning C4305: 'initializing' : truncation from 'double' to 'const float'
     1>c:\users\md\google drive\sis\sisclient\sisclient\Config.hpp(73): warning C4305: 'initializing' : truncation from 'double' to 'const float'
     1>c:\users\md\google drive\sis\sisclient\sisclient\GUI.hpp(32): warning C4244: '=' : conversion from 'float' to 'int', possible loss of data
     1>c:\users\md\google drive\sis\sisclient\sisclient\GUI.hpp(33): warning C4244: '=' : conversion from 'float' to 'int', possible loss of data
     1>c:\users\md\google drive\sis\sisclient\sisclient\GUI.hpp(78): warning C4244: 'argument' : conversion from 'const int' to 'float', possible loss of data
     1>c:\users\md\google drive\sis\sisclient\sisclient\GUI.hpp(78): warning C4244: 'argument' : conversion from 'const int' to 'float', possible loss of data
     1>c:\users\md\google drive\sis\sisclient\sisclient\GUI.hpp(79): warning C4244: 'argument' : conversion from 'const int' to 'float', possible loss of data
     1>c:\users\md\google drive\sis\sisclient\sisclient\GUI.hpp(79): warning C4244: 'argument' : conversion from 'const int' to 'float', possible loss of data
     1>c:\users\md\google drive\sis\sisclient\sisclient\GUI.hpp(80): warning C4244: 'argument' : conversion from 'const int' to 'float', possible loss of data
     1>c:\users\md\google drive\sis\sisclient\sisclient\GUI.hpp(80): warning C4244: 'argument' : conversion from 'const int' to 'float', possible loss of data
     1>c:\users\md\google drive\sis\sisclient\sisclient\GUI.hpp(97): warning C4244: 'argument' : conversion from 'const int' to 'float', possible loss of data
     1>c:\users\md\google drive\sis\sisclient\sisclient\GUI.hpp(97): warning C4244: 'argument' : conversion from 'const int' to 'float', possible loss of data
     1>c:\users\md\google drive\sis\sisclient\sisclient\GUI.hpp(142): warning C4244: 'argument' : conversion from 'int' to 'float', possible loss of data
     1>c:\users\md\google drive\sis\sisclient\sisclient\GUI.hpp(142): warning C4244: 'argument' : conversion from 'int' to 'float', possible loss of data
     1>c:\users\md\google drive\sis\sisclient\sisclient\AIPlayer.hpp(96): warning C4244: 'argument' : conversion from 'double' to 'float', possible loss of data
     1>c:\users\md\google drive\sis\sisclient\sisclient\AIPlayer.hpp(96): warning C4244: 'argument' : conversion from 'double' to 'float', possible loss of data
     1>c:\users\md\google drive\sis\sisclient\sisclient\Bullet.hpp(22): warning C4244: '=' : conversion from 'double' to 'float', possible loss of data
     1>c:\users\md\google drive\sis\sisclient\sisclient\Bullet.hpp(23): warning C4244: '=' : conversion from 'double' to 'float', possible loss of data
     1>c:\users\md\google drive\sis\sisclient\sisclient\Bullet.hpp(30): warning C4244: '=' : conversion from 'double' to 'float', possible loss of data
     1>c:\users\md\google drive\sis\sisclient\sisclient\Bullet.hpp(31): warning C4244: '=' : conversion from 'double' to 'float', possible loss of data
     1>c:\users\md\google drive\sis\sisclient\sisclient\Bullet.hpp(38): warning C4244: '=' : conversion from 'double' to 'float', possible loss of data
     1>c:\users\md\google drive\sis\sisclient\sisclient\Bullet.hpp(39): warning C4244: '=' : conversion from 'double' to 'float', possible loss of data
     1>Scenario.cpp(41): warning C4244: 'argument' : conversion from 'double' to 'float', possible loss of data
     1>Scenario.cpp(41): warning C4244: 'argument' : conversion from 'double' to 'float', possible loss of data
     1>Scenario.cpp(103): warning C4244: 'argument' : conversion from 'const int' to 'float', possible loss of data
     1>Scenario.cpp(103): warning C4244: 'argument' : conversion from 'const int' to 'float', possible loss of data
     1>Scenario.cpp(107): warning C4244: 'argument' : conversion from 'float' to 'sf::Uint8', possible loss of data
     1>Scenario.cpp(141): warning C4244: '=' : conversion from 'int' to 'float', possible loss of data
     1>Scenario.cpp(142): warning C4244: '=' : conversion from 'int' to 'float', possible loss of data
     1>Scenario.cpp(714): warning C4244: 'argument' : conversion from 'float' to 'sf::Int16', possible loss of data
     1>Scenario.cpp(757): warning C4244: 'argument' : conversion from 'double' to 'float', possible loss of data
     1>Scenario.cpp(807): warning C4244: 'argument' : conversion from 'double' to 'float', possible loss of data
     1>Scenario.cpp(807): warning C4244: 'argument' : conversion from 'double' to 'float', possible loss of data
     1>Scenario.cpp(856): warning C4244: 'argument' : conversion from 'int' to 'float', possible loss of data
     1>Scenario.cpp(856): warning C4244: 'argument' : conversion from 'int' to 'float', possible loss of data
     1>Scenario.cpp(886): warning C4244: 'argument' : conversion from 'int' to 'float', possible loss of data
     1>Scenario.cpp(886): warning C4244: 'argument' : conversion from 'int' to 'float', possible loss of data
     1>Scenario.cpp(930): warning C4244: 'argument' : conversion from 'int' to 'float', possible loss of data
     1>Scenario.cpp(956): warning C4244: 'argument' : conversion from 'int' to 'float', possible loss of data
     1>Scenario.cpp(962): warning C4305: 'argument' : truncation from 'double' to 'float'
     1>Scenario.cpp(1010): warning C4244: 'initializing' : conversion from 'double' to 'float', possible loss of data
     1>Scenario.cpp(1011): warning C4244: 'initializing' : conversion from 'double' to 'float', possible loss of data
     1>Scenario.cpp(1025): warning C4244: '=' : conversion from 'double' to 'float', possible loss of data
     1>Scenario.cpp(1026): warning C4244: '=' : conversion from 'double' to 'float', possible loss of data
     1>Scenario.cpp(1074): warning C4244: '=' : conversion from 'double' to 'float', possible loss of data
     1>Scenario.cpp(1075): warning C4244: '=' : conversion from 'double' to 'float', possible loss of data
     1>Scenario.cpp(1079): warning C4244: '=' : conversion from 'double' to 'float', possible loss of data
     1>Scenario.cpp(1080): warning C4244: '=' : conversion from 'double' to 'float', possible loss of data
     1>Scenario.cpp(1099): warning C4244: '=' : conversion from 'double' to 'float', possible loss of data
     1>Scenario.cpp(1114): warning C4244: '=' : conversion from 'int' to 'float', possible loss of data
     1>Scenario.cpp(1144): warning C4244: '=' : conversion from 'int' to 'float', possible loss of data
     1>Scenario.cpp(1145): warning C4244: '=' : conversion from 'double' to 'float', possible loss of data
     1>Scenario.cpp(1147): warning C4244: 'initializing' : conversion from 'double' to 'float', possible loss of data
     1>Scenario.cpp(1177): warning C4244: '=' : conversion from 'int' to 'float', possible loss of data
     1>Scenario.cpp(1204): warning C4244: '=' : conversion from 'double' to 'float', possible loss of data
     1>Scenario.cpp(1205): warning C4244: '=' : conversion from 'int' to 'float', possible loss of data
     1>Scenario.cpp(1207): warning C4244: 'initializing' : conversion from 'double' to 'float', possible loss of data
     1>Scenario.cpp(1290): warning C4244: 'argument' : conversion from 'double' to 'float', possible loss of data
     1>Scenario.cpp(1290): warning C4244: 'argument' : conversion from 'double' to 'float', possible loss of data
       Link:
         c:\Program Files (x86)\Microsoft Visual Studio 10.0\VC\bin\link.exe /ERRORREPORT:PROMPT /OUT:"C:\Users\MD\Google Drive\SiS\SiSclient\Release\SiSclient.exe" /INCREMENTAL:NO /NOLOGO /LIBPATH:"TGUI-0.6\lib\SFML" /LIBPATH:C:\Users\MD\Downloads\boost_1_55_0\boost_1_55_0\stage\lib /LIBPATH:"TGUI-0.6\lib\TGUI" "sfml-system.lib" "sfml-window.lib" "sfml-graphics.lib" "sfml-audio.lib" "sfml-network.lib" tgui.lib kernel32.lib user32.lib gdi32.lib winspool.lib comdlg32.lib advapi32.lib shell32.lib ole32.lib oleaut32.lib uuid.lib odbc32.lib odbccp32.lib /MANIFEST /ManifestFile:"Release\SiSclient.exe.intermediate.manifest" /MANIFESTUAC:"level='asInvoker' uiAccess='false'" /DEBUG /PDB:"C:\Users\MD\Google Drive\SiS\SiSclient\Release\SiSclient.pdb" /SUBSYSTEM:CONSOLE /OPT:REF /OPT:ICF /LTCG /TLBID:1 /DYNAMICBASE /NXCOMPAT /IMPLIB:"C:\Users\MD\Google Drive\SiS\SiSclient\Release\SiSclient.lib" /MACHINE:X86 Release\AIPlayer.obj
         Release\Bullet.obj
         Release\Item.obj
         Release\Player.obj
         Release\Scenario.obj
         Release\Ship.obj
         Release\SiSclient.obj
         Release\Tilemap.obj
         Generating code
         Finished generating code
         SiSclient.vcxproj -> C:\Users\MD\Google Drive\SiS\SiSclient\Release\SiSclient.exe
       Manifest:
         C:\Program Files (x86)\Microsoft SDKs\Windows\v7.0A\bin\mt.exe /nologo /verbose /outputresource:"C:\Users\MD\Google Drive\SiS\SiSclient\Release\SiSclient.exe;#1" /manifest Release\SiSclient.exe.intermediate.manifest
       FinalizeBuildStatus:
         Deleting file "Release\SiSclient.unsuccessfulbuild".
         Touching "Release\SiSclient.lastbuildstate".
     1>Done Building Project "C:\Users\MD\Google Drive\SiS\SiSclient\SiSclient\SiSclient.vcxproj" (build target(s)).

Build succeeded.

Time Elapsed 00:00:02.75
