Build started 08/03/2019 04:56:07.
     1>Project "C:\Users\Matthew\Desktop\Evobox2DLatestParasites\Evobox2DLatest\evobox2d\evobox2d\Evobox2D.vcxproj" on node 2 (build target(s)).
     1>InitializeBuildStatus:
         Creating "Debug\Evobox2D.unsuccessfulbuild" because "AlwaysCreate" was specified.
       ClCompile:
         C:\Program Files (x86)\Microsoft Visual Studio 10.0\VC\bin\CL.exe /c /IC:\Users\MD\Downloads\boost_1_55_0\boost_1_55_0 /I"TGUI-0.6\include\\" /I./ /ZI /nologo /W3 /WX- /Od /Oy- /D WIN32 /D _DEBUG /D _CONSOLE /D _UNICODE /D UNICODE /Gm /EHsc /RTC1 /MDd /GS /fp:precise /Zc:wchar_t /Zc:forScope /Fo"Debug\\" /Fd"Debug\vc100.pdb" /Gd /TP /analyze- /errorReport:prompt Config.cpp main.cpp Module.cpp Organism.cpp World.cpp
         World.cpp
     1>c:\users\matthew\desktop\evobox2dlatestparasites\evobox2dlatest\evobox2d\evobox2d\world.cpp(80): warning C4996: 'localtime': This function or variable may be unsafe. Consider using localtime_s instead. To disable deprecation, use _CRT_SECURE_NO_WARNINGS. See online help for details.
                 c:\program files (x86)\microsoft visual studio 10.0\vc\include\time.inl(112) : see declaration of 'localtime'
     1>c:\users\matthew\desktop\evobox2dlatestparasites\evobox2dlatest\evobox2d\evobox2d\world.cpp(158): warning C4244: 'argument' : conversion from 'const float' to 'unsigned int', possible loss of data
     1>c:\users\matthew\desktop\evobox2dlatestparasites\evobox2dlatest\evobox2d\evobox2d\world.cpp(158): warning C4244: 'argument' : conversion from 'const float' to 'unsigned int', possible loss of data
     1>c:\users\matthew\desktop\evobox2dlatestparasites\evobox2dlatest\evobox2d\evobox2d\world.cpp(183): warning C4244: 'initializing' : conversion from 'double' to 'int', possible loss of data
     1>c:\users\matthew\desktop\evobox2dlatestparasites\evobox2dlatest\evobox2d\evobox2d\world.cpp(184): warning C4244: 'initializing' : conversion from 'double' to 'int', possible loss of data
     1>c:\users\matthew\desktop\evobox2dlatestparasites\evobox2dlatest\evobox2d\evobox2d\world.cpp(186): warning C4244: 'argument' : conversion from 'int' to 'float32', possible loss of data
     1>c:\users\matthew\desktop\evobox2dlatestparasites\evobox2dlatest\evobox2d\evobox2d\world.cpp(186): warning C4244: 'argument' : conversion from 'int' to 'float32', possible loss of data
     1>c:\users\matthew\desktop\evobox2dlatestparasites\evobox2dlatest\evobox2d\evobox2d\world.cpp(211): warning C4244: 'initializing' : conversion from 'double' to 'int', possible loss of data
     1>c:\users\matthew\desktop\evobox2dlatestparasites\evobox2dlatest\evobox2d\evobox2d\world.cpp(212): warning C4244: 'initializing' : conversion from 'double' to 'int', possible loss of data
     1>c:\users\matthew\desktop\evobox2dlatestparasites\evobox2dlatest\evobox2d\evobox2d\world.cpp(214): warning C4244: 'argument' : conversion from 'int' to 'float32', possible loss of data
     1>c:\users\matthew\desktop\evobox2dlatestparasites\evobox2dlatest\evobox2d\evobox2d\world.cpp(214): warning C4244: 'argument' : conversion from 'int' to 'float32', possible loss of data
     1>c:\users\matthew\desktop\evobox2dlatestparasites\evobox2dlatest\evobox2d\evobox2d\world.cpp(283): warning C4244: 'initializing' : conversion from 'int' to 'float', possible loss of data
     1>c:\users\matthew\desktop\evobox2dlatestparasites\evobox2dlatest\evobox2d\evobox2d\world.cpp(283): warning C4244: 'initializing' : conversion from 'int' to 'float', possible loss of data
     1>c:\users\matthew\desktop\evobox2dlatestparasites\evobox2dlatest\evobox2d\evobox2d\world.cpp(283): warning C4244: 'initializing' : conversion from 'int' to 'float', possible loss of data
     1>c:\users\matthew\desktop\evobox2dlatestparasites\evobox2dlatest\evobox2d\evobox2d\world.cpp(283): warning C4244: 'initializing' : conversion from 'int' to 'float', possible loss of data
     1>c:\users\matthew\desktop\evobox2dlatestparasites\evobox2dlatest\evobox2d\evobox2d\world.cpp(285): warning C4244: 'initializing' : conversion from 'int' to 'float', possible loss of data
     1>c:\users\matthew\desktop\evobox2dlatestparasites\evobox2dlatest\evobox2d\evobox2d\world.cpp(285): warning C4244: 'initializing' : conversion from 'int' to 'float', possible loss of data
     1>c:\users\matthew\desktop\evobox2dlatestparasites\evobox2dlatest\evobox2d\evobox2d\world.cpp(285): warning C4244: 'initializing' : conversion from 'int' to 'float', possible loss of data
     1>c:\users\matthew\desktop\evobox2dlatestparasites\evobox2dlatest\evobox2d\evobox2d\world.cpp(285): warning C4244: 'initializing' : conversion from 'int' to 'float', possible loss of data
     1>c:\users\matthew\desktop\evobox2dlatestparasites\evobox2dlatest\evobox2d\evobox2d\world.cpp(285): warning C4244: 'initializing' : conversion from 'int' to 'float', possible loss of data
     1>c:\users\matthew\desktop\evobox2dlatestparasites\evobox2dlatest\evobox2d\evobox2d\world.cpp(285): warning C4244: 'initializing' : conversion from 'int' to 'float', possible loss of data
     1>c:\users\matthew\desktop\evobox2dlatestparasites\evobox2dlatest\evobox2d\evobox2d\world.cpp(285): warning C4244: 'initializing' : conversion from 'int' to 'float', possible loss of data
     1>c:\users\matthew\desktop\evobox2dlatestparasites\evobox2dlatest\evobox2d\evobox2d\world.cpp(285): warning C4244: 'initializing' : conversion from 'int' to 'float', possible loss of data
     1>c:\users\matthew\desktop\evobox2dlatestparasites\evobox2dlatest\evobox2d\evobox2d\world.cpp(562): warning C4996: 'getch': The POSIX name for this item is deprecated. Instead, use the ISO C++ conformant name: _getch. See online help for details.
                 c:\program files (x86)\microsoft visual studio 10.0\vc\include\conio.h(128) : see declaration of 'getch'
     1>c:\users\matthew\desktop\evobox2dlatestparasites\evobox2dlatest\evobox2d\evobox2d\world.cpp(571): warning C4996: 'getch': The POSIX name for this item is deprecated. Instead, use the ISO C++ conformant name: _getch. See online help for details.
                 c:\program files (x86)\microsoft visual studio 10.0\vc\include\conio.h(128) : see declaration of 'getch'
     1>c:\users\matthew\desktop\evobox2dlatestparasites\evobox2dlatest\evobox2d\evobox2d\world.cpp(976): warning C4244: 'initializing' : conversion from 'int' to 'float', possible loss of data
     1>c:\users\matthew\desktop\evobox2dlatestparasites\evobox2dlatest\evobox2d\evobox2d\world.cpp(978): warning C4244: 'initializing' : conversion from 'int' to 'float', possible loss of data
     1>c:\users\matthew\desktop\evobox2dlatestparasites\evobox2dlatest\evobox2d\evobox2d\world.cpp(1135): warning C4244: 'initializing' : conversion from 'int' to 'float', possible loss of data
     1>c:\users\matthew\desktop\evobox2dlatestparasites\evobox2dlatest\evobox2d\evobox2d\world.cpp(1756): warning C4244: 'argument' : conversion from 'const int' to 'float', possible loss of data
     1>c:\users\matthew\desktop\evobox2dlatestparasites\evobox2dlatest\evobox2d\evobox2d\world.cpp(1756): warning C4244: 'argument' : conversion from 'const int' to 'float', possible loss of data
     1>c:\users\matthew\desktop\evobox2dlatestparasites\evobox2dlatest\evobox2d\evobox2d\world.cpp(1758): warning C4244: 'argument' : conversion from 'int' to 'float', possible loss of data
     1>c:\users\matthew\desktop\evobox2dlatestparasites\evobox2dlatest\evobox2d\evobox2d\world.cpp(1758): warning C4244: 'argument' : conversion from 'int' to 'float', possible loss of data
     1>c:\users\matthew\desktop\evobox2dlatestparasites\evobox2dlatest\evobox2d\evobox2d\world.cpp(1764): warning C4244: 'argument' : conversion from 'int' to 'float', possible loss of data
     1>c:\users\matthew\desktop\evobox2dlatestparasites\evobox2dlatest\evobox2d\evobox2d\world.cpp(1764): warning C4244: 'argument' : conversion from 'int' to 'float', possible loss of data
     1>c:\users\matthew\desktop\evobox2dlatestparasites\evobox2dlatest\evobox2d\evobox2d\world.cpp(1788): warning C4244: 'argument' : conversion from 'const int' to 'float', possible loss of data
     1>c:\users\matthew\desktop\evobox2dlatestparasites\evobox2dlatest\evobox2d\evobox2d\world.cpp(1788): warning C4244: 'argument' : conversion from 'const int' to 'float', possible loss of data
     1>c:\users\matthew\desktop\evobox2dlatestparasites\evobox2dlatest\evobox2d\evobox2d\world.cpp(1790): warning C4244: 'argument' : conversion from 'int' to 'float', possible loss of data
     1>c:\users\matthew\desktop\evobox2dlatestparasites\evobox2dlatest\evobox2d\evobox2d\world.cpp(1790): warning C4244: 'argument' : conversion from 'int' to 'float', possible loss of data
     1>c:\users\matthew\desktop\evobox2dlatestparasites\evobox2dlatest\evobox2d\evobox2d\world.cpp(1796): warning C4244: 'argument' : conversion from 'int' to 'float', possible loss of data
     1>c:\users\matthew\desktop\evobox2dlatestparasites\evobox2dlatest\evobox2d\evobox2d\world.cpp(1796): warning C4244: 'argument' : conversion from 'int' to 'float', possible loss of data
     1>c:\users\matthew\desktop\evobox2dlatestparasites\evobox2dlatest\evobox2d\evobox2d\world.cpp(1855): warning C4244: 'argument' : conversion from 'const int' to 'float', possible loss of data
     1>c:\users\matthew\desktop\evobox2dlatestparasites\evobox2dlatest\evobox2d\evobox2d\world.cpp(1855): warning C4244: 'argument' : conversion from 'const int' to 'float', possible loss of data
     1>c:\users\matthew\desktop\evobox2dlatestparasites\evobox2dlatest\evobox2d\evobox2d\world.cpp(1857): warning C4244: 'argument' : conversion from 'int' to 'float', possible loss of data
     1>c:\users\matthew\desktop\evobox2dlatestparasites\evobox2dlatest\evobox2d\evobox2d\world.cpp(1857): warning C4244: 'argument' : conversion from 'int' to 'float', possible loss of data
     1>c:\users\matthew\desktop\evobox2dlatestparasites\evobox2dlatest\evobox2d\evobox2d\world.cpp(1861): warning C4244: 'argument' : conversion from 'float' to 'sf::Uint8', possible loss of data
     1>c:\users\matthew\desktop\evobox2dlatestparasites\evobox2dlatest\evobox2d\evobox2d\world.cpp(1868): warning C4244: 'argument' : conversion from 'double' to 'float', possible loss of data
     1>c:\users\matthew\desktop\evobox2dlatestparasites\evobox2dlatest\evobox2d\evobox2d\world.cpp(1868): warning C4244: 'argument' : conversion from 'double' to 'float', possible loss of data
     1>c:\users\matthew\desktop\evobox2dlatestparasites\evobox2dlatest\evobox2d\evobox2d\world.cpp(1969): warning C4244: 'argument' : conversion from 'const float32' to 'int', possible loss of data
     1>c:\users\matthew\desktop\evobox2dlatestparasites\evobox2dlatest\evobox2d\evobox2d\world.cpp(1969): warning C4244: 'argument' : conversion from 'const float32' to 'int', possible loss of data
     1>c:\users\matthew\desktop\evobox2dlatestparasites\evobox2dlatest\evobox2d\evobox2d\world.cpp(1993): warning C4244: 'argument' : conversion from 'const int' to 'float', possible loss of data
     1>c:\users\matthew\desktop\evobox2dlatestparasites\evobox2dlatest\evobox2d\evobox2d\world.cpp(1993): warning C4244: 'argument' : conversion from 'const int' to 'float', possible loss of data
     1>c:\users\matthew\desktop\evobox2dlatestparasites\evobox2dlatest\evobox2d\evobox2d\world.cpp(1995): warning C4244: 'argument' : conversion from 'int' to 'float', possible loss of data
     1>c:\users\matthew\desktop\evobox2dlatestparasites\evobox2dlatest\evobox2d\evobox2d\world.cpp(1995): warning C4244: 'argument' : conversion from 'int' to 'float', possible loss of data
         Organism.cpp
     1>c:\users\matthew\desktop\evobox2dlatestparasites\evobox2dlatest\evobox2d\evobox2d\organism.cpp(286): warning C4305: '=' : truncation from 'double' to 'float32'
     1>c:\users\matthew\desktop\evobox2dlatestparasites\evobox2dlatest\evobox2d\evobox2d\organism.cpp(287): warning C4305: '=' : truncation from 'double' to 'float32'
     1>c:\users\matthew\desktop\evobox2dlatestparasites\evobox2dlatest\evobox2d\evobox2d\organism.cpp(305): warning C4244: 'argument' : conversion from 'int' to 'float32', possible loss of data
     1>c:\users\matthew\desktop\evobox2dlatestparasites\evobox2dlatest\evobox2d\evobox2d\organism.cpp(305): warning C4244: 'argument' : conversion from 'int' to 'float32', possible loss of data
     1>c:\users\matthew\desktop\evobox2dlatestparasites\evobox2dlatest\evobox2d\evobox2d\organism.cpp(308): warning C4244: 'argument' : conversion from 'double' to 'float32', possible loss of data
     1>c:\users\matthew\desktop\evobox2dlatestparasites\evobox2dlatest\evobox2d\evobox2d\organism.cpp(308): warning C4244: 'argument' : conversion from 'double' to 'float32', possible loss of data
     1>c:\users\matthew\desktop\evobox2dlatestparasites\evobox2dlatest\evobox2d\evobox2d\organism.cpp(309): warning C4244: 'argument' : conversion from 'double' to 'float32', possible loss of data
     1>c:\users\matthew\desktop\evobox2dlatestparasites\evobox2dlatest\evobox2d\evobox2d\organism.cpp(309): warning C4244: 'argument' : conversion from 'double' to 'float32', possible loss of data
     1>c:\users\matthew\desktop\evobox2dlatestparasites\evobox2dlatest\evobox2d\evobox2d\organism.cpp(310): warning C4244: 'argument' : conversion from 'double' to 'float32', possible loss of data
     1>c:\users\matthew\desktop\evobox2dlatestparasites\evobox2dlatest\evobox2d\evobox2d\organism.cpp(310): warning C4244: 'argument' : conversion from 'double' to 'float32', possible loss of data
     1>c:\users\matthew\desktop\evobox2dlatestparasites\evobox2dlatest\evobox2d\evobox2d\organism.cpp(311): warning C4244: 'argument' : conversion from 'double' to 'float32', possible loss of data
     1>c:\users\matthew\desktop\evobox2dlatestparasites\evobox2dlatest\evobox2d\evobox2d\organism.cpp(311): warning C4244: 'argument' : conversion from 'double' to 'float32', possible loss of data
     1>c:\users\matthew\desktop\evobox2dlatestparasites\evobox2dlatest\evobox2d\evobox2d\organism.cpp(325): warning C4305: '=' : truncation from 'double' to 'float32'
     1>c:\users\matthew\desktop\evobox2dlatestparasites\evobox2dlatest\evobox2d\evobox2d\organism.cpp(365): warning C4244: '=' : conversion from 'double' to 'float', possible loss of data
     1>c:\users\matthew\desktop\evobox2dlatestparasites\evobox2dlatest\evobox2d\evobox2d\organism.cpp(368): warning C4244: '=' : conversion from 'double' to 'float', possible loss of data
     1>c:\users\matthew\desktop\evobox2dlatestparasites\evobox2dlatest\evobox2d\evobox2d\organism.cpp(391): warning C4244: '=' : conversion from 'double' to 'float', possible loss of data
     1>c:\users\matthew\desktop\evobox2dlatestparasites\evobox2dlatest\evobox2d\evobox2d\organism.cpp(394): warning C4244: '=' : conversion from 'double' to 'float', possible loss of data
     1>c:\users\matthew\desktop\evobox2dlatestparasites\evobox2dlatest\evobox2d\evobox2d\organism.cpp(420): warning C4305: '=' : truncation from 'double' to 'float32'
     1>c:\users\matthew\desktop\evobox2dlatestparasites\evobox2dlatest\evobox2d\evobox2d\organism.cpp(421): warning C4305: '=' : truncation from 'double' to 'float32'
     1>c:\users\matthew\desktop\evobox2dlatestparasites\evobox2dlatest\evobox2d\evobox2d\organism.cpp(434): warning C4244: 'argument' : conversion from 'int' to 'float32', possible loss of data
     1>c:\users\matthew\desktop\evobox2dlatestparasites\evobox2dlatest\evobox2d\evobox2d\organism.cpp(434): warning C4244: 'argument' : conversion from 'int' to 'float32', possible loss of data
     1>c:\users\matthew\desktop\evobox2dlatestparasites\evobox2dlatest\evobox2d\evobox2d\organism.cpp(437): warning C4244: 'argument' : conversion from 'double' to 'float32', possible loss of data
     1>c:\users\matthew\desktop\evobox2dlatestparasites\evobox2dlatest\evobox2d\evobox2d\organism.cpp(437): warning C4244: 'argument' : conversion from 'double' to 'float32', possible loss of data
     1>c:\users\matthew\desktop\evobox2dlatestparasites\evobox2dlatest\evobox2d\evobox2d\organism.cpp(438): warning C4244: 'argument' : conversion from 'double' to 'float32', possible loss of data
     1>c:\users\matthew\desktop\evobox2dlatestparasites\evobox2dlatest\evobox2d\evobox2d\organism.cpp(438): warning C4244: 'argument' : conversion from 'double' to 'float32', possible loss of data
     1>c:\users\matthew\desktop\evobox2dlatestparasites\evobox2dlatest\evobox2d\evobox2d\organism.cpp(439): warning C4244: 'argument' : conversion from 'double' to 'float32', possible loss of data
     1>c:\users\matthew\desktop\evobox2dlatestparasites\evobox2dlatest\evobox2d\evobox2d\organism.cpp(439): warning C4244: 'argument' : conversion from 'double' to 'float32', possible loss of data
     1>c:\users\matthew\desktop\evobox2dlatestparasites\evobox2dlatest\evobox2d\evobox2d\organism.cpp(440): warning C4244: 'argument' : conversion from 'double' to 'float32', possible loss of data
     1>c:\users\matthew\desktop\evobox2dlatestparasites\evobox2dlatest\evobox2d\evobox2d\organism.cpp(440): warning C4244: 'argument' : conversion from 'double' to 'float32', possible loss of data
     1>c:\users\matthew\desktop\evobox2dlatestparasites\evobox2dlatest\evobox2d\evobox2d\organism.cpp(454): warning C4305: '=' : truncation from 'double' to 'float32'
     1>c:\users\matthew\desktop\evobox2dlatestparasites\evobox2dlatest\evobox2d\evobox2d\organism.cpp(602): warning C4018: '<' : signed/unsigned mismatch
     1>c:\users\matthew\desktop\evobox2dlatestparasites\evobox2dlatest\evobox2d\evobox2d\organism.cpp(671): warning C4018: '<' : signed/unsigned mismatch
     1>c:\users\matthew\desktop\evobox2dlatestparasites\evobox2dlatest\evobox2d\evobox2d\organism.cpp(678): warning C4018: '>=' : signed/unsigned mismatch
     1>c:\users\matthew\desktop\evobox2dlatestparasites\evobox2dlatest\evobox2d\evobox2d\organism.cpp(800): warning C4244: 'argument' : conversion from 'int' to 'float32', possible loss of data
     1>c:\users\matthew\desktop\evobox2dlatestparasites\evobox2dlatest\evobox2d\evobox2d\organism.cpp(831): warning C4244: '=' : conversion from 'double' to 'float32', possible loss of data
     1>c:\users\matthew\desktop\evobox2dlatestparasites\evobox2dlatest\evobox2d\evobox2d\organism.cpp(832): warning C4244: '=' : conversion from 'double' to 'float32', possible loss of data
     1>c:\users\matthew\desktop\evobox2dlatestparasites\evobox2dlatest\evobox2d\evobox2d\organism.cpp(851): warning C4244: 'argument' : conversion from 'const int' to 'float', possible loss of data
     1>c:\users\matthew\desktop\evobox2dlatestparasites\evobox2dlatest\evobox2d\evobox2d\organism.cpp(851): warning C4244: 'argument' : conversion from 'const int' to 'float', possible loss of data
     1>c:\users\matthew\desktop\evobox2dlatestparasites\evobox2dlatest\evobox2d\evobox2d\organism.cpp(853): warning C4244: 'argument' : conversion from 'int' to 'float', possible loss of data
     1>c:\users\matthew\desktop\evobox2dlatestparasites\evobox2dlatest\evobox2d\evobox2d\organism.cpp(853): warning C4244: 'argument' : conversion from 'int' to 'float', possible loss of data
     1>c:\users\matthew\desktop\evobox2dlatestparasites\evobox2dlatest\evobox2d\evobox2d\organism.cpp(871): warning C4244: 'argument' : conversion from 'double' to 'float', possible loss of data
     1>c:\users\matthew\desktop\evobox2dlatestparasites\evobox2dlatest\evobox2d\evobox2d\organism.cpp(874): warning C4244: 'argument' : conversion from 'double' to 'sf::Uint8', possible loss of data
     1>c:\users\matthew\desktop\evobox2dlatestparasites\evobox2dlatest\evobox2d\evobox2d\organism.cpp(877): warning C4244: 'argument' : conversion from 'double' to 'sf::Uint8', possible loss of data
     1>c:\users\matthew\desktop\evobox2dlatestparasites\evobox2dlatest\evobox2d\evobox2d\organism.cpp(880): warning C4244: 'argument' : conversion from 'double' to 'sf::Uint8', possible loss of data
     1>c:\users\matthew\desktop\evobox2dlatestparasites\evobox2dlatest\evobox2d\evobox2d\organism.cpp(883): warning C4244: 'argument' : conversion from 'double' to 'sf::Uint8', possible loss of data
     1>c:\users\matthew\desktop\evobox2dlatestparasites\evobox2dlatest\evobox2d\evobox2d\organism.cpp(886): warning C4244: 'argument' : conversion from 'double' to 'sf::Uint8', possible loss of data
     1>c:\users\matthew\desktop\evobox2dlatestparasites\evobox2dlatest\evobox2d\evobox2d\organism.cpp(910): warning C4244: 'argument' : conversion from 'double' to 'float', possible loss of data
     1>c:\users\matthew\desktop\evobox2dlatestparasites\evobox2dlatest\evobox2d\evobox2d\organism.cpp(912): warning C4244: 'argument' : conversion from 'double' to 'float', possible loss of data
     1>c:\users\matthew\desktop\evobox2dlatestparasites\evobox2dlatest\evobox2d\evobox2d\organism.cpp(912): warning C4244: 'argument' : conversion from 'double' to 'float', possible loss of data
     1>c:\users\matthew\desktop\evobox2dlatestparasites\evobox2dlatest\evobox2d\evobox2d\organism.cpp(978): warning C4244: '=' : conversion from 'double' to 'float32', possible loss of data
     1>c:\users\matthew\desktop\evobox2dlatestparasites\evobox2dlatest\evobox2d\evobox2d\organism.cpp(983): warning C4244: '=' : conversion from 'double' to 'float32', possible loss of data
     1>c:\users\matthew\desktop\evobox2dlatestparasites\evobox2dlatest\evobox2d\evobox2d\organism.cpp(990): warning C4244: '=' : conversion from 'double' to 'float32', possible loss of data
     1>c:\users\matthew\desktop\evobox2dlatestparasites\evobox2dlatest\evobox2d\evobox2d\organism.cpp(995): warning C4244: '=' : conversion from 'double' to 'float32', possible loss of data
     1>c:\users\matthew\desktop\evobox2dlatestparasites\evobox2dlatest\evobox2d\evobox2d\organism.cpp(1133): warning C4244: 'initializing' : conversion from 'double' to 'float', possible loss of data
     1>c:\users\matthew\desktop\evobox2dlatestparasites\evobox2dlatest\evobox2d\evobox2d\organism.cpp(1135): warning C4244: 'initializing' : conversion from 'double' to 'float', possible loss of data
     1>c:\users\matthew\desktop\evobox2dlatestparasites\evobox2dlatest\evobox2d\evobox2d\organism.cpp(1155): warning C4244: '=' : conversion from 'float' to 'int', possible loss of data
     1>c:\users\matthew\desktop\evobox2dlatestparasites\evobox2dlatest\evobox2d\evobox2d\organism.cpp(1156): warning C4244: '=' : conversion from 'float' to 'int', possible loss of data
     1>c:\users\matthew\desktop\evobox2dlatestparasites\evobox2dlatest\evobox2d\evobox2d\organism.cpp(1189): warning C4996: 'localtime': This function or variable may be unsafe. Consider using localtime_s instead. To disable deprecation, use _CRT_SECURE_NO_WARNINGS. See online help for details.
                 c:\program files (x86)\microsoft visual studio 10.0\vc\include\time.inl(112) : see declaration of 'localtime'
         Module.cpp
         main.cpp
     1>c:\users\matthew\desktop\evobox2dlatestparasites\evobox2dlatest\evobox2d\evobox2d\main.cpp(61): warning C4244: '=' : conversion from 'double' to 'float', possible loss of data
     1>c:\users\matthew\desktop\evobox2dlatestparasites\evobox2dlatest\evobox2d\evobox2d\main.cpp(63): warning C4244: '=' : conversion from 'double' to 'float', possible loss of data
     1>c:\users\matthew\desktop\evobox2dlatestparasites\evobox2dlatest\evobox2d\evobox2d\main.cpp(65): warning C4244: '=' : conversion from 'double' to 'float', possible loss of data
     1>c:\users\matthew\desktop\evobox2dlatestparasites\evobox2dlatest\evobox2d\evobox2d\main.cpp(67): warning C4244: '=' : conversion from 'double' to 'float', possible loss of data
     1>c:\users\matthew\desktop\evobox2dlatestparasites\evobox2dlatest\evobox2d\evobox2d\main.cpp(77): warning C4244: '=' : conversion from 'double' to 'float', possible loss of data
     1>c:\users\matthew\desktop\evobox2dlatestparasites\evobox2dlatest\evobox2d\evobox2d\main.cpp(83): warning C4244: '=' : conversion from 'double' to 'float', possible loss of data
     1>c:\users\matthew\desktop\evobox2dlatestparasites\evobox2dlatest\evobox2d\evobox2d\main.cpp(85): warning C4244: '=' : conversion from 'double' to 'float', possible loss of data
     1>c:\users\matthew\desktop\evobox2dlatestparasites\evobox2dlatest\evobox2d\evobox2d\main.cpp(89): warning C4244: '=' : conversion from 'double' to 'float', possible loss of data
         Config.cpp
     1>c:\users\matthew\desktop\evobox2dlatestparasites\evobox2dlatest\evobox2d\evobox2d\config.cpp(11): warning C4305: 'initializing' : truncation from 'double' to 'const float'
     1>c:\users\matthew\desktop\evobox2dlatestparasites\evobox2dlatest\evobox2d\evobox2d\config.cpp(44): warning C4305: 'initializing' : truncation from 'double' to 'float'
     1>c:\users\matthew\desktop\evobox2dlatestparasites\evobox2dlatest\evobox2d\evobox2d\config.cpp(58): warning C4305: 'initializing' : truncation from 'double' to 'float'
     1>c:\users\matthew\desktop\evobox2dlatestparasites\evobox2dlatest\evobox2d\evobox2d\config.cpp(65): warning C4305: 'initializing' : truncation from 'double' to 'const float'
     1>c:\users\matthew\desktop\evobox2dlatestparasites\evobox2dlatest\evobox2d\evobox2d\config.cpp(71): warning C4305: 'initializing' : truncation from 'double' to 'float'
         Generating Code...
     1>c:\users\matthew\desktop\evobox2dlatestparasites\evobox2dlatest\evobox2d\evobox2d\world.cpp(726): warning C4715: 'World::ReproduceOrganism' : not all control paths return a value
     1>c:\users\matthew\desktop\evobox2dlatestparasites\evobox2dlatest\evobox2d\evobox2d\world.cpp(781): warning C4715: 'World::KillOrganism' : not all control paths return a value
       ManifestResourceCompile:
         C:\Program Files (x86)\Microsoft SDKs\Windows\v7.0A\bin\rc.exe /nologo /fo"Debug\Evobox2D.exe.embed.manifest.res" Debug\Evobox2D_manifest.rc 
       Link:
         C:\Program Files (x86)\Microsoft Visual Studio 10.0\VC\bin\link.exe /ERRORREPORT:PROMPT /OUT:"C:\Users\Matthew\Desktop\Evobox2DLatestParasites\Evobox2DLatest\evobox2d\Debug\Evobox2D.exe" /INCREMENTAL /NOLOGO /LIBPATH:"TGUI-0.6\lib\SFML" /LIBPATH:C:\Users\MD\Downloads\boost_1_55_0\boost_1_55_0\stage\lib /LIBPATH:"TGUI-0.6\lib\TGUI" /LIBPATH:./lib "sfml-system-d.lib" "sfml-window-d.lib" "sfml-graphics-d.lib" "sfml-audio-d.lib" "sfml-network-d.lib" "tgui-d.lib" Box2D.lib kernel32.lib user32.lib gdi32.lib winspool.lib comdlg32.lib advapi32.lib shell32.lib ole32.lib oleaut32.lib uuid.lib odbc32.lib odbccp32.lib /MANIFEST /ManifestFile:"Debug\Evobox2D.exe.intermediate.manifest" /MANIFESTUAC:"level='asInvoker' uiAccess='false'" /DEBUG /PDB:"C:\Users\Matthew\Desktop\Evobox2DLatestParasites\Evobox2DLatest\evobox2d\Debug\Evobox2D.pdb" /SUBSYSTEM:CONSOLE /TLBID:1 /DYNAMICBASE /NXCOMPAT /IMPLIB:"C:\Users\Matthew\Desktop\Evobox2DLatestParasites\Evobox2DLatest\evobox2d\Debug\Evobox2D.lib" /MACHINE:X86 Debug\Evobox2D.exe.embed.manifest.res
         Debug\Config.obj
         Debug\main.obj
         Debug\Module.obj
         Debug\Organism.obj
         Debug\World.obj
     1>Box2D.lib(b2DistanceJoint.obj) : warning LNK4099: PDB 'vc100.pdb' was not found with 'Box2D.lib(b2DistanceJoint.obj)' or at 'C:\Users\Matthew\Desktop\Evobox2DLatestParasites\Evobox2DLatest\evobox2d\Debug\vc100.pdb'; linking object as if no debug info
     1>Box2D.lib(b2FrictionJoint.obj) : warning LNK4099: PDB 'vc100.pdb' was not found with 'Box2D.lib(b2FrictionJoint.obj)' or at 'C:\Users\Matthew\Desktop\Evobox2DLatestParasites\Evobox2DLatest\evobox2d\Debug\vc100.pdb'; linking object as if no debug info
     1>Box2D.lib(b2GearJoint.obj) : warning LNK4099: PDB 'vc100.pdb' was not found with 'Box2D.lib(b2GearJoint.obj)' or at 'C:\Users\Matthew\Desktop\Evobox2DLatestParasites\Evobox2DLatest\evobox2d\Debug\vc100.pdb'; linking object as if no debug info
     1>Box2D.lib(b2Joint.obj) : warning LNK4099: PDB 'vc100.pdb' was not found with 'Box2D.lib(b2Joint.obj)' or at 'C:\Users\Matthew\Desktop\Evobox2DLatestParasites\Evobox2DLatest\evobox2d\Debug\vc100.pdb'; linking object as if no debug info
     1>Box2D.lib(b2MotorJoint.obj) : warning LNK4099: PDB 'vc100.pdb' was not found with 'Box2D.lib(b2MotorJoint.obj)' or at 'C:\Users\Matthew\Desktop\Evobox2DLatestParasites\Evobox2DLatest\evobox2d\Debug\vc100.pdb'; linking object as if no debug info
     1>Box2D.lib(b2MouseJoint.obj) : warning LNK4099: PDB 'vc100.pdb' was not found with 'Box2D.lib(b2MouseJoint.obj)' or at 'C:\Users\Matthew\Desktop\Evobox2DLatestParasites\Evobox2DLatest\evobox2d\Debug\vc100.pdb'; linking object as if no debug info
     1>Box2D.lib(b2PrismaticJoint.obj) : warning LNK4099: PDB 'vc100.pdb' was not found with 'Box2D.lib(b2PrismaticJoint.obj)' or at 'C:\Users\Matthew\Desktop\Evobox2DLatestParasites\Evobox2DLatest\evobox2d\Debug\vc100.pdb'; linking object as if no debug info
     1>Box2D.lib(b2PulleyJoint.obj) : warning LNK4099: PDB 'vc100.pdb' was not found with 'Box2D.lib(b2PulleyJoint.obj)' or at 'C:\Users\Matthew\Desktop\Evobox2DLatestParasites\Evobox2DLatest\evobox2d\Debug\vc100.pdb'; linking object as if no debug info
     1>Box2D.lib(b2RevoluteJoint.obj) : warning LNK4099: PDB 'vc100.pdb' was not found with 'Box2D.lib(b2RevoluteJoint.obj)' or at 'C:\Users\Matthew\Desktop\Evobox2DLatestParasites\Evobox2DLatest\evobox2d\Debug\vc100.pdb'; linking object as if no debug info
     1>Box2D.lib(b2RopeJoint.obj) : warning LNK4099: PDB 'vc100.pdb' was not found with 'Box2D.lib(b2RopeJoint.obj)' or at 'C:\Users\Matthew\Desktop\Evobox2DLatestParasites\Evobox2DLatest\evobox2d\Debug\vc100.pdb'; linking object as if no debug info
     1>Box2D.lib(b2WeldJoint.obj) : warning LNK4099: PDB 'vc100.pdb' was not found with 'Box2D.lib(b2WeldJoint.obj)' or at 'C:\Users\Matthew\Desktop\Evobox2DLatestParasites\Evobox2DLatest\evobox2d\Debug\vc100.pdb'; linking object as if no debug info
     1>Box2D.lib(b2WheelJoint.obj) : warning LNK4099: PDB 'vc100.pdb' was not found with 'Box2D.lib(b2WheelJoint.obj)' or at 'C:\Users\Matthew\Desktop\Evobox2DLatestParasites\Evobox2DLatest\evobox2d\Debug\vc100.pdb'; linking object as if no debug info
     1>Box2D.lib(b2CircleContact.obj) : warning LNK4099: PDB 'vc100.pdb' was not found with 'Box2D.lib(b2CircleContact.obj)' or at 'C:\Users\Matthew\Desktop\Evobox2DLatestParasites\Evobox2DLatest\evobox2d\Debug\vc100.pdb'; linking object as if no debug info
     1>Box2D.lib(b2Contact.obj) : warning LNK4099: PDB 'vc100.pdb' was not found with 'Box2D.lib(b2Contact.obj)' or at 'C:\Users\Matthew\Desktop\Evobox2DLatestParasites\Evobox2DLatest\evobox2d\Debug\vc100.pdb'; linking object as if no debug info
     1>Box2D.lib(b2ContactSolver.obj) : warning LNK4099: PDB 'vc100.pdb' was not found with 'Box2D.lib(b2ContactSolver.obj)' or at 'C:\Users\Matthew\Desktop\Evobox2DLatestParasites\Evobox2DLatest\evobox2d\Debug\vc100.pdb'; linking object as if no debug info
     1>Box2D.lib(b2PolygonAndCircleContact.obj) : warning LNK4099: PDB 'vc100.pdb' was not found with 'Box2D.lib(b2PolygonAndCircleContact.obj)' or at 'C:\Users\Matthew\Desktop\Evobox2DLatestParasites\Evobox2DLatest\evobox2d\Debug\vc100.pdb'; linking object as if no debug info
     1>Box2D.lib(b2EdgeAndCircleContact.obj) : warning LNK4099: PDB 'vc100.pdb' was not found with 'Box2D.lib(b2EdgeAndCircleContact.obj)' or at 'C:\Users\Matthew\Desktop\Evobox2DLatestParasites\Evobox2DLatest\evobox2d\Debug\vc100.pdb'; linking object as if no debug info
     1>Box2D.lib(b2EdgeAndPolygonContact.obj) : warning LNK4099: PDB 'vc100.pdb' was not found with 'Box2D.lib(b2EdgeAndPolygonContact.obj)' or at 'C:\Users\Matthew\Desktop\Evobox2DLatestParasites\Evobox2DLatest\evobox2d\Debug\vc100.pdb'; linking object as if no debug info
     1>Box2D.lib(b2ChainAndCircleContact.obj) : warning LNK4099: PDB 'vc100.pdb' was not found with 'Box2D.lib(b2ChainAndCircleContact.obj)' or at 'C:\Users\Matthew\Desktop\Evobox2DLatestParasites\Evobox2DLatest\evobox2d\Debug\vc100.pdb'; linking object as if no debug info
     1>Box2D.lib(b2ChainAndPolygonContact.obj) : warning LNK4099: PDB 'vc100.pdb' was not found with 'Box2D.lib(b2ChainAndPolygonContact.obj)' or at 'C:\Users\Matthew\Desktop\Evobox2DLatestParasites\Evobox2DLatest\evobox2d\Debug\vc100.pdb'; linking object as if no debug info
     1>Box2D.lib(b2PolygonContact.obj) : warning LNK4099: PDB 'vc100.pdb' was not found with 'Box2D.lib(b2PolygonContact.obj)' or at 'C:\Users\Matthew\Desktop\Evobox2DLatestParasites\Evobox2DLatest\evobox2d\Debug\vc100.pdb'; linking object as if no debug info
     1>Box2D.lib(b2Body.obj) : warning LNK4099: PDB 'vc100.pdb' was not found with 'Box2D.lib(b2Body.obj)' or at 'C:\Users\Matthew\Desktop\Evobox2DLatestParasites\Evobox2DLatest\evobox2d\Debug\vc100.pdb'; linking object as if no debug info
     1>Box2D.lib(b2ContactManager.obj) : warning LNK4099: PDB 'vc100.pdb' was not found with 'Box2D.lib(b2ContactManager.obj)' or at 'C:\Users\Matthew\Desktop\Evobox2DLatestParasites\Evobox2DLatest\evobox2d\Debug\vc100.pdb'; linking object as if no debug info
     1>Box2D.lib(b2Fixture.obj) : warning LNK4099: PDB 'vc100.pdb' was not found with 'Box2D.lib(b2Fixture.obj)' or at 'C:\Users\Matthew\Desktop\Evobox2DLatestParasites\Evobox2DLatest\evobox2d\Debug\vc100.pdb'; linking object as if no debug info
     1>Box2D.lib(b2Island.obj) : warning LNK4099: PDB 'vc100.pdb' was not found with 'Box2D.lib(b2Island.obj)' or at 'C:\Users\Matthew\Desktop\Evobox2DLatestParasites\Evobox2DLatest\evobox2d\Debug\vc100.pdb'; linking object as if no debug info
     1>Box2D.lib(b2World.obj) : warning LNK4099: PDB 'vc100.pdb' was not found with 'Box2D.lib(b2World.obj)' or at 'C:\Users\Matthew\Desktop\Evobox2DLatestParasites\Evobox2DLatest\evobox2d\Debug\vc100.pdb'; linking object as if no debug info
     1>Box2D.lib(b2WorldCallbacks.obj) : warning LNK4099: PDB 'vc100.pdb' was not found with 'Box2D.lib(b2WorldCallbacks.obj)' or at 'C:\Users\Matthew\Desktop\Evobox2DLatestParasites\Evobox2DLatest\evobox2d\Debug\vc100.pdb'; linking object as if no debug info
     1>Box2D.lib(b2BlockAllocator.obj) : warning LNK4099: PDB 'vc100.pdb' was not found with 'Box2D.lib(b2BlockAllocator.obj)' or at 'C:\Users\Matthew\Desktop\Evobox2DLatestParasites\Evobox2DLatest\evobox2d\Debug\vc100.pdb'; linking object as if no debug info
     1>Box2D.lib(b2Draw.obj) : warning LNK4099: PDB 'vc100.pdb' was not found with 'Box2D.lib(b2Draw.obj)' or at 'C:\Users\Matthew\Desktop\Evobox2DLatestParasites\Evobox2DLatest\evobox2d\Debug\vc100.pdb'; linking object as if no debug info
     1>Box2D.lib(b2Math.obj) : warning LNK4099: PDB 'vc100.pdb' was not found with 'Box2D.lib(b2Math.obj)' or at 'C:\Users\Matthew\Desktop\Evobox2DLatestParasites\Evobox2DLatest\evobox2d\Debug\vc100.pdb'; linking object as if no debug info
     1>Box2D.lib(b2Settings.obj) : warning LNK4099: PDB 'vc100.pdb' was not found with 'Box2D.lib(b2Settings.obj)' or at 'C:\Users\Matthew\Desktop\Evobox2DLatestParasites\Evobox2DLatest\evobox2d\Debug\vc100.pdb'; linking object as if no debug info
     1>Box2D.lib(b2StackAllocator.obj) : warning LNK4099: PDB 'vc100.pdb' was not found with 'Box2D.lib(b2StackAllocator.obj)' or at 'C:\Users\Matthew\Desktop\Evobox2DLatestParasites\Evobox2DLatest\evobox2d\Debug\vc100.pdb'; linking object as if no debug info
     1>Box2D.lib(b2Timer.obj) : warning LNK4099: PDB 'vc100.pdb' was not found with 'Box2D.lib(b2Timer.obj)' or at 'C:\Users\Matthew\Desktop\Evobox2DLatestParasites\Evobox2DLatest\evobox2d\Debug\vc100.pdb'; linking object as if no debug info
     1>Box2D.lib(b2EdgeShape.obj) : warning LNK4099: PDB 'vc100.pdb' was not found with 'Box2D.lib(b2EdgeShape.obj)' or at 'C:\Users\Matthew\Desktop\Evobox2DLatestParasites\Evobox2DLatest\evobox2d\Debug\vc100.pdb'; linking object as if no debug info
     1>Box2D.lib(b2ChainShape.obj) : warning LNK4099: PDB 'vc100.pdb' was not found with 'Box2D.lib(b2ChainShape.obj)' or at 'C:\Users\Matthew\Desktop\Evobox2DLatestParasites\Evobox2DLatest\evobox2d\Debug\vc100.pdb'; linking object as if no debug info
     1>Box2D.lib(b2PolygonShape.obj) : warning LNK4099: PDB 'vc100.pdb' was not found with 'Box2D.lib(b2PolygonShape.obj)' or at 'C:\Users\Matthew\Desktop\Evobox2DLatestParasites\Evobox2DLatest\evobox2d\Debug\vc100.pdb'; linking object as if no debug info
     1>Box2D.lib(b2BroadPhase.obj) : warning LNK4099: PDB 'vc100.pdb' was not found with 'Box2D.lib(b2BroadPhase.obj)' or at 'C:\Users\Matthew\Desktop\Evobox2DLatestParasites\Evobox2DLatest\evobox2d\Debug\vc100.pdb'; linking object as if no debug info
     1>Box2D.lib(b2CollideCircle.obj) : warning LNK4099: PDB 'vc100.pdb' was not found with 'Box2D.lib(b2CollideCircle.obj)' or at 'C:\Users\Matthew\Desktop\Evobox2DLatestParasites\Evobox2DLatest\evobox2d\Debug\vc100.pdb'; linking object as if no debug info
     1>Box2D.lib(b2CollideEdge.obj) : warning LNK4099: PDB 'vc100.pdb' was not found with 'Box2D.lib(b2CollideEdge.obj)' or at 'C:\Users\Matthew\Desktop\Evobox2DLatestParasites\Evobox2DLatest\evobox2d\Debug\vc100.pdb'; linking object as if no debug info
     1>Box2D.lib(b2CollidePolygon.obj) : warning LNK4099: PDB 'vc100.pdb' was not found with 'Box2D.lib(b2CollidePolygon.obj)' or at 'C:\Users\Matthew\Desktop\Evobox2DLatestParasites\Evobox2DLatest\evobox2d\Debug\vc100.pdb'; linking object as if no debug info
     1>Box2D.lib(b2Collision.obj) : warning LNK4099: PDB 'vc100.pdb' was not found with 'Box2D.lib(b2Collision.obj)' or at 'C:\Users\Matthew\Desktop\Evobox2DLatestParasites\Evobox2DLatest\evobox2d\Debug\vc100.pdb'; linking object as if no debug info
     1>Box2D.lib(b2Distance.obj) : warning LNK4099: PDB 'vc100.pdb' was not found with 'Box2D.lib(b2Distance.obj)' or at 'C:\Users\Matthew\Desktop\Evobox2DLatestParasites\Evobox2DLatest\evobox2d\Debug\vc100.pdb'; linking object as if no debug info
     1>Box2D.lib(b2DynamicTree.obj) : warning LNK4099: PDB 'vc100.pdb' was not found with 'Box2D.lib(b2DynamicTree.obj)' or at 'C:\Users\Matthew\Desktop\Evobox2DLatestParasites\Evobox2DLatest\evobox2d\Debug\vc100.pdb'; linking object as if no debug info
     1>Box2D.lib(b2TimeOfImpact.obj) : warning LNK4099: PDB 'vc100.pdb' was not found with 'Box2D.lib(b2TimeOfImpact.obj)' or at 'C:\Users\Matthew\Desktop\Evobox2DLatestParasites\Evobox2DLatest\evobox2d\Debug\vc100.pdb'; linking object as if no debug info
       Manifest:
         C:\Program Files (x86)\Microsoft SDKs\Windows\v7.0A\bin\mt.exe /nologo /verbose /out:"Debug\Evobox2D.exe.embed.manifest" /manifest Debug\Evobox2D.exe.intermediate.manifest
         All outputs are up-to-date.
       LinkEmbedManifest:
         All outputs are up-to-date.
         Evobox2D.vcxproj -> C:\Users\Matthew\Desktop\Evobox2DLatestParasites\Evobox2DLatest\evobox2d\Debug\Evobox2D.exe
       FinalizeBuildStatus:
         Deleting file "Debug\Evobox2D.unsuccessfulbuild".
         Touching "Debug\Evobox2D.lastbuildstate".
     1>Done Building Project "C:\Users\Matthew\Desktop\Evobox2DLatestParasites\Evobox2DLatest\evobox2d\evobox2d\Evobox2D.vcxproj" (build target(s)).

Build succeeded.

Time Elapsed 00:00:07.58
