Build started 10/11/2016 16:44:44.
     1>Project "G:\Users\MD\Google Drive\PhD\EvobotsMatt\EvoSimulator - Copy - Copy\EvoSimulator\EvoSimulator\EvoSimulator.vcxproj" on node 2 (build target(s)).
     1>InitializeBuildStatus:
         Creating "Debug\EvoSimulator.unsuccessfulbuild" because "AlwaysCreate" was specified.
       ClCompile:
         C:\Program Files (x86)\Microsoft Visual Studio 10.0\VC\bin\CL.exe /c /IC:\Users\MD\Downloads\boost_1_55_0\boost_1_55_0 /I"TGUI-0.6\include\\" /I./ /ZI /nologo /W3 /WX- /Od /Oy- /D WIN32 /D _DEBUG /D _CONSOLE /D _UNICODE /D UNICODE /Gm /EHsc /RTC1 /MDd /GS /fp:precise /Zc:wchar_t /Zc:forScope /Fo"Debug\\" /Fd"Debug\vc100.pdb" /Gd /TP /analyze- /errorReport:prompt main.cpp
         main.cpp
     1>g:\users\md\google drive\phd\evobotsmatt\evosimulator - copy - copy\evosimulator\evosimulator\main.cpp(58): warning C4305: '=' : truncation from 'double' to 'float32'
     1>g:\users\md\google drive\phd\evobotsmatt\evosimulator - copy - copy\evosimulator\evosimulator\main.cpp(276): warning C4244: 'argument' : conversion from 'double' to 'float', possible loss of data
       ManifestResourceCompile:
         All outputs are up-to-date.
       Link:
         C:\Program Files (x86)\Microsoft Visual Studio 10.0\VC\bin\link.exe /ERRORREPORT:PROMPT /OUT:"G:\Users\MD\Google Drive\PhD\EvobotsMatt\EvoSimulator - Copy - Copy\EvoSimulator\Debug\EvoSimulator.exe" /INCREMENTAL /NOLOGO /LIBPATH:"TGUI-0.6\lib\SFML" /LIBPATH:C:\Users\MD\Downloads\boost_1_55_0\boost_1_55_0\stage\lib /LIBPATH:"TGUI-0.6\lib\TGUI" /LIBPATH:./lib "sfml-system-d.lib" "sfml-window-d.lib" "sfml-graphics-d.lib" "sfml-audio-d.lib" "sfml-network-d.lib" "tgui-d.lib" Box2D.lib kernel32.lib user32.lib gdi32.lib winspool.lib comdlg32.lib advapi32.lib shell32.lib ole32.lib oleaut32.lib uuid.lib odbc32.lib odbccp32.lib /MANIFEST /ManifestFile:"Debug\EvoSimulator.exe.intermediate.manifest" /MANIFESTUAC:"level='asInvoker' uiAccess='false'" /DEBUG /PDB:"G:\Users\MD\Google Drive\PhD\EvobotsMatt\EvoSimulator - Copy - Copy\EvoSimulator\Debug\EvoSimulator.pdb" /SUBSYSTEM:CONSOLE /TLBID:1 /DYNAMICBASE /NXCOMPAT /IMPLIB:"G:\Users\MD\Google Drive\PhD\EvobotsMatt\EvoSimulator - Copy - Copy\EvoSimulator\Debug\EvoSimulator.lib" /MACHINE:X86 Debug\EvoSimulator.exe.embed.manifest.res
         Debug\main.obj
       Manifest:
         C:\Program Files (x86)\Microsoft SDKs\Windows\v7.0A\bin\mt.exe /nologo /verbose /out:"Debug\EvoSimulator.exe.embed.manifest" /manifest Debug\EvoSimulator.exe.intermediate.manifest
         All outputs are up-to-date.
       LinkEmbedManifest:
         All outputs are up-to-date.
         EvoSimulator.vcxproj -> G:\Users\MD\Google Drive\PhD\EvobotsMatt\EvoSimulator - Copy - Copy\EvoSimulator\Debug\EvoSimulator.exe
       FinalizeBuildStatus:
         Deleting file "Debug\EvoSimulator.unsuccessfulbuild".
         Touching "Debug\EvoSimulator.lastbuildstate".
     1>Done Building Project "G:\Users\MD\Google Drive\PhD\EvobotsMatt\EvoSimulator - Copy - Copy\EvoSimulator\EvoSimulator\EvoSimulator.vcxproj" (build target(s)).

Build succeeded.

Time Elapsed 00:00:01.96
