Build started 09/04/2016 22:25:45.
     1>Project "G:\Users\MD\Google Drive\MultiBlade\MultiBladeClient\MultiBladeClient\MultiBladeClient.vcxproj" on node 2 (build target(s)).
     1>InitializeBuildStatus:
         Creating "Debug\MultiBladeClient.unsuccessfulbuild" because "AlwaysCreate" was specified.
       ClCompile:
         C:\Program Files (x86)\Microsoft Visual Studio 10.0\VC\bin\CL.exe /c /IC:\Users\MD\Downloads\boost_1_55_0\boost_1_55_0 /I"TGUI-0.6\include\\" /ZI /nologo /W3 /WX- /Od /Oy- /D WIN32 /D _DEBUG /D _CONSOLE /D _UNICODE /D UNICODE /Gm /EHsc /RTC1 /MDd /GS /fp:precise /Zc:wchar_t /Zc:forScope /Fo"Debug\\" /Fd"Debug\vc100.pdb" /Gd /TP /analyze- /errorReport:prompt SettlementState.cpp
         SettlementState.cpp
     1>g:\users\md\google drive\multiblade\multibladeclient\multibladeclient\settlementstate.cpp(158): warning C4552: '>>' : operator has no effect; expected operator with side-effect
       ManifestResourceCompile:
         All outputs are up-to-date.
       Link:
         C:\Program Files (x86)\Microsoft Visual Studio 10.0\VC\bin\link.exe /ERRORREPORT:PROMPT /OUT:"G:\Users\MD\Google Drive\MultiBlade\MultiBladeClient\Debug\MultiBladeClient.exe" /INCREMENTAL /NOLOGO /LIBPATH:"TGUI-0.6\lib\SFML" /LIBPATH:C:\Users\MD\Downloads\boost_1_55_0\boost_1_55_0\stage\lib /LIBPATH:"TGUI-0.6\lib\TGUI" "sfml-system-d.lib" "sfml-window-d.lib" "sfml-graphics-d.lib" "sfml-audio-d.lib" "sfml-network-d.lib" "tgui-d.lib" kernel32.lib user32.lib gdi32.lib winspool.lib comdlg32.lib advapi32.lib shell32.lib ole32.lib oleaut32.lib uuid.lib odbc32.lib odbccp32.lib /MANIFEST /ManifestFile:"Debug\MultiBladeClient.exe.intermediate.manifest" /MANIFESTUAC:"level='asInvoker' uiAccess='false'" /DEBUG /PDB:"G:\Users\MD\Google Drive\MultiBlade\MultiBladeClient\Debug\MultiBladeClient.pdb" /SUBSYSTEM:CONSOLE /TLBID:1 /DYNAMICBASE /NXCOMPAT /IMPLIB:"G:\Users\MD\Google Drive\MultiBlade\MultiBladeClient\Debug\MultiBladeClient.lib" /MACHINE:X86 Debug\MultiBladeClient.exe.embed.manifest.res
         Debug\Army.obj
         Debug\Config.obj
         Debug\HexTile.obj
         Debug\JoiningState.obj
         Debug\LobbyState.obj
         Debug\MenuState.obj
         Debug\MultiBladeClient.obj
         Debug\Player.obj
         Debug\PlayState.obj
         Debug\Settlement.obj
         Debug\SettlementState.obj
         Debug\StateMachine.obj
         Debug\ThisClientPlayer.obj
         Debug\World.obj
       Manifest:
         C:\Program Files (x86)\Microsoft SDKs\Windows\v7.0A\bin\mt.exe /nologo /verbose /out:"Debug\MultiBladeClient.exe.embed.manifest" /manifest Debug\MultiBladeClient.exe.intermediate.manifest
         All outputs are up-to-date.
       LinkEmbedManifest:
         All outputs are up-to-date.
         MultiBladeClient.vcxproj -> G:\Users\MD\Google Drive\MultiBlade\MultiBladeClient\Debug\MultiBladeClient.exe
       FinalizeBuildStatus:
         Deleting file "Debug\MultiBladeClient.unsuccessfulbuild".
         Touching "Debug\MultiBladeClient.lastbuildstate".
     1>Done Building Project "G:\Users\MD\Google Drive\MultiBlade\MultiBladeClient\MultiBladeClient\MultiBladeClient.vcxproj" (build target(s)).

Build succeeded.

Time Elapsed 00:00:09.91
