Build started 16/02/2015 22:52:53.
     1>Project "C:\Users\Matthew\Google Drive\SiS\SiSclient\SiSclient\SiSclient.vcxproj" on node 2 (build target(s)).
     1>InitializeBuildStatus:
         Creating "Debug\SiSclient.unsuccessfulbuild" because "AlwaysCreate" was specified.
       ClCompile:
         C:\Program Files (x86)\Microsoft Visual Studio 10.0\VC\bin\CL.exe /c /IC:\Users\MD\Downloads\boost_1_55_0\boost_1_55_0 /I"TGUI-0.6\include\\" /ZI /nologo /W3 /WX- /Od /Oy- /D WIN32 /D _DEBUG /D _CONSOLE /D _UNICODE /D UNICODE /Gm /EHsc /RTC1 /MDd /GS /fp:precise /Zc:wchar_t /Zc:forScope /Fo"Debug\\" /Fd"Debug\vc100.pdb" /Gd /TP /analyze- /errorReport:prompt Scenario.cpp
         Scenario.cpp
     1>c:\users\matthew\google drive\sis\sisclient\sisclient\config.hpp(56): warning C4305: 'initializing' : truncation from 'double' to 'const float'
     1>c:\users\matthew\google drive\sis\sisclient\sisclient\config.hpp(57): warning C4305: 'initializing' : truncation from 'double' to 'const float'
     1>c:\users\matthew\google drive\sis\sisclient\sisclient\gui.hpp(17): warning C4244: 'argument' : conversion from 'const int' to 'float', possible loss of data
     1>c:\users\matthew\google drive\sis\sisclient\sisclient\gui.hpp(17): warning C4244: 'argument' : conversion from 'const int' to 'float', possible loss of data
     1>c:\users\matthew\google drive\sis\sisclient\sisclient\gui.hpp(18): warning C4244: 'argument' : conversion from 'const int' to 'float', possible loss of data
     1>c:\users\matthew\google drive\sis\sisclient\sisclient\gui.hpp(18): warning C4244: 'argument' : conversion from 'const int' to 'float', possible loss of data
     1>c:\users\matthew\google drive\sis\sisclient\sisclient\gui.hpp(33): warning C4244: 'argument' : conversion from 'const int' to 'float', possible loss of data
     1>c:\users\matthew\google drive\sis\sisclient\sisclient\gui.hpp(33): warning C4244: 'argument' : conversion from 'const int' to 'float', possible loss of data
     1>c:\users\matthew\google drive\sis\sisclient\sisclient\gui.hpp(39): warning C4244: 'argument' : conversion from 'int' to 'float', possible loss of data
     1>c:\users\matthew\google drive\sis\sisclient\sisclient\gui.hpp(42): warning C4244: 'argument' : conversion from 'int' to 'float', possible loss of data
     1>c:\users\matthew\google drive\sis\sisclient\sisclient\scenario.cpp(36): warning C4244: '=' : conversion from 'int' to 'float', possible loss of data
     1>c:\users\matthew\google drive\sis\sisclient\sisclient\scenario.cpp(37): warning C4244: '=' : conversion from 'int' to 'float', possible loss of data
       ManifestResourceCompile:
         All outputs are up-to-date.
       Link:
         C:\Program Files (x86)\Microsoft Visual Studio 10.0\VC\bin\link.exe /ERRORREPORT:PROMPT /OUT:"C:\Users\Matthew\Google Drive\SiS\SiSclient\Debug\SiSclient.exe" /INCREMENTAL /NOLOGO /LIBPATH:"TGUI-0.6\lib\SFML" /LIBPATH:C:\Users\MD\Downloads\boost_1_55_0\boost_1_55_0\stage\lib /LIBPATH:"TGUI-0.6\lib\TGUI" "sfml-system-d.lib" "sfml-window-d.lib" "sfml-graphics-d.lib" "sfml-audio-d.lib" "sfml-network-d.lib" "tgui-d.lib" kernel32.lib user32.lib gdi32.lib winspool.lib comdlg32.lib advapi32.lib shell32.lib ole32.lib oleaut32.lib uuid.lib odbc32.lib odbccp32.lib /MANIFEST /ManifestFile:"Debug\SiSclient.exe.intermediate.manifest" /MANIFESTUAC:"level='asInvoker' uiAccess='false'" /DEBUG /PDB:"C:\Users\Matthew\Google Drive\SiS\SiSclient\Debug\SiSclient.pdb" /SUBSYSTEM:CONSOLE /TLBID:1 /DYNAMICBASE /NXCOMPAT /IMPLIB:"C:\Users\Matthew\Google Drive\SiS\SiSclient\Debug\SiSclient.lib" /MACHINE:X86 Debug\SiSclient.exe.embed.manifest.res
         Debug\Player.obj
         Debug\Scenario.obj
         Debug\Ship.obj
         Debug\SiSclient.obj
         Debug\Tilemap.obj
         LINK : C:\Users\Matthew\Google Drive\SiS\SiSclient\Debug\SiSclient.exe not found or not built by the last incremental link; performing full link
       Manifest:
         C:\Program Files (x86)\Microsoft SDKs\Windows\v7.0A\bin\mt.exe /nologo /verbose /out:"Debug\SiSclient.exe.embed.manifest" /manifest Debug\SiSclient.exe.intermediate.manifest
         All outputs are up-to-date.
       LinkEmbedManifest:
         All outputs are up-to-date.
         SiSclient.vcxproj -> C:\Users\Matthew\Google Drive\SiS\SiSclient\Debug\SiSclient.exe
       FinalizeBuildStatus:
         Deleting file "Debug\SiSclient.unsuccessfulbuild".
         Touching "Debug\SiSclient.lastbuildstate".
     1>Done Building Project "C:\Users\Matthew\Google Drive\SiS\SiSclient\SiSclient\SiSclient.vcxproj" (build target(s)).

Build succeeded.

Time Elapsed 00:00:10.80
